Performing C SOURCE FILE Test CMAKE_HAVE_LIBC_PTHREAD failed with the following output:
Change Dir: /home/absurd/dev/net/sparrow/build/CMakeFiles/CMakeTmp

Run Build Command(s):/usr/bin/make cmTC_bf7fd/fast && /usr/bin/make  -f CMakeFiles/cmTC_bf7fd.dir/build.make CMakeFiles/cmTC_bf7fd.dir/build
make[1]: Entering directory '/home/absurd/dev/net/sparrow/build/CMakeFiles/CMakeTmp'
Building C object CMakeFiles/cmTC_bf7fd.dir/src.c.o
/usr/bin/cc -DCMAKE_HAVE_LIBC_PTHREAD   -o CMakeFiles/cmTC_bf7fd.dir/src.c.o -c /home/absurd/dev/net/sparrow/build/CMakeFiles/CMakeTmp/src.c
Linking C executable cmTC_bf7fd
/usr/bin/cmake -E cmake_link_script CMakeFiles/cmTC_bf7fd.dir/link.txt --verbose=1
/usr/bin/cc CMakeFiles/cmTC_bf7fd.dir/src.c.o -o cmTC_bf7fd 
/usr/bin/ld: CMakeFiles/cmTC_bf7fd.dir/src.c.o: in function `main':
src.c:(.text+0x3e): undefined reference to `pthread_create'
/usr/bin/ld: src.c:(.text+0x4a): undefined reference to `pthread_detach'
/usr/bin/ld: src.c:(.text+0x56): undefined reference to `pthread_cancel'
/usr/bin/ld: src.c:(.text+0x67): undefined reference to `pthread_join'
collect2: error: ld returned 1 exit status
make[1]: *** [CMakeFiles/cmTC_bf7fd.dir/build.make:106: cmTC_bf7fd] Error 1
make[1]: Leaving directory '/home/absurd/dev/net/sparrow/build/CMakeFiles/CMakeTmp'
make: *** [Makefile:140: cmTC_bf7fd/fast] Error 2


Source file was:
#include <pthread.h>

static void* test_func(void* data)
{
  return data;
}

int main(void)
{
  pthread_t thread;
  pthread_create(&thread, NULL, test_func, NULL);
  pthread_detach(thread);
  pthread_cancel(thread);
  pthread_join(thread, NULL);
  pthread_atfork(NULL, NULL, NULL);
  pthread_exit(NULL);

  return 0;
}

Determining if the function pthread_create exists in the pthreads failed with the following output:
Change Dir: /home/absurd/dev/net/sparrow/build/CMakeFiles/CMakeTmp

Run Build Command(s):/usr/bin/make cmTC_6bdaa/fast && /usr/bin/make  -f CMakeFiles/cmTC_6bdaa.dir/build.make CMakeFiles/cmTC_6bdaa.dir/build
make[1]: Entering directory '/home/absurd/dev/net/sparrow/build/CMakeFiles/CMakeTmp'
Building C object CMakeFiles/cmTC_6bdaa.dir/CheckFunctionExists.c.o
/usr/bin/cc   -DCHECK_FUNCTION_EXISTS=pthread_create -o CMakeFiles/cmTC_6bdaa.dir/CheckFunctionExists.c.o -c /usr/share/cmake-3.19/Modules/CheckFunctionExists.c
Linking C executable cmTC_6bdaa
/usr/bin/cmake -E cmake_link_script CMakeFiles/cmTC_6bdaa.dir/link.txt --verbose=1
/usr/bin/cc  -DCHECK_FUNCTION_EXISTS=pthread_create CMakeFiles/cmTC_6bdaa.dir/CheckFunctionExists.c.o -o cmTC_6bdaa  -lpthreads 
/usr/bin/ld: cannot find -lpthreads
collect2: error: ld returned 1 exit status
make[1]: *** [CMakeFiles/cmTC_6bdaa.dir/build.make:106: cmTC_6bdaa] Error 1
make[1]: Leaving directory '/home/absurd/dev/net/sparrow/build/CMakeFiles/CMakeTmp'
make: *** [Makefile:140: cmTC_6bdaa/fast] Error 2



Performing C SOURCE FILE Test CMAKE_HAVE_LIBC_PTHREAD failed with the following output:
Change Dir: /home/absurd/dev/net/sparrow/build/CMakeFiles/CMakeTmp

Run Build Command(s):/home/absurd/apps/depot_tools/ninja cmTC_f9111 && [1/2] Building C object CMakeFiles/cmTC_f9111.dir/src.c.o
[2/2] Linking C executable cmTC_f9111
FAILED: cmTC_f9111 
: && /usr/bin/cc   CMakeFiles/cmTC_f9111.dir/src.c.o -o cmTC_f9111   && :
/usr/bin/ld: CMakeFiles/cmTC_f9111.dir/src.c.o: in function `main':
src.c:(.text+0x3e): undefined reference to `pthread_create'
/usr/bin/ld: src.c:(.text+0x4a): undefined reference to `pthread_detach'
/usr/bin/ld: src.c:(.text+0x56): undefined reference to `pthread_cancel'
/usr/bin/ld: src.c:(.text+0x67): undefined reference to `pthread_join'
collect2: error: ld returned 1 exit status
ninja: build stopped: subcommand failed.


Source file was:
#include <pthread.h>

static void* test_func(void* data)
{
  return data;
}

int main(void)
{
  pthread_t thread;
  pthread_create(&thread, NULL, test_func, NULL);
  pthread_detach(thread);
  pthread_cancel(thread);
  pthread_join(thread, NULL);
  pthread_atfork(NULL, NULL, NULL);
  pthread_exit(NULL);

  return 0;
}

Determining if the function pthread_create exists in the pthreads failed with the following output:
Change Dir: /home/absurd/dev/net/sparrow/build/CMakeFiles/CMakeTmp

Run Build Command(s):/home/absurd/apps/depot_tools/ninja cmTC_0a542 && [1/2] Building C object CMakeFiles/cmTC_0a542.dir/CheckFunctionExists.c.o
[2/2] Linking C executable cmTC_0a542
FAILED: cmTC_0a542 
: && /usr/bin/cc -DCHECK_FUNCTION_EXISTS=pthread_create  CMakeFiles/cmTC_0a542.dir/CheckFunctionExists.c.o -o cmTC_0a542  -lpthreads && :
/usr/bin/ld: cannot find -lpthreads
collect2: error: ld returned 1 exit status
ninja: build stopped: subcommand failed.



